# JRE version: OpenJDK Runtime Environment (11.0.10) (build 11.0.10+0-b96-7249189)
# Java VM: OpenJDK 64-Bit Server VM (11.0.10+0-b96-7249189, mixed mode, tiered, compressed oops, g1 gc, windows-amd64)
Heap:
 garbage-first heap   total 143360K, used 74199K [0x0000000080000000, 0x0000000100000000)
  region size 1024K, 17 young (17408K), 3 survivors (3072K)
 Metaspace       used 50164K, capacity 51696K, committed 52044K, reserved 1093632K
  class space    used 6432K, capacity 6938K, committed 7040K, reserved 1048576K
GC Heap History (20 events):
Event: 5.080 GC heap before
{Heap before GC invocations=8 (full 0):
 garbage-first heap   total 78848K, used 58683K [0x0000000080000000, 0x0000000100000000)
  region size 1024K, 34 young (34816K), 3 survivors (3072K)
 Metaspace       used 26738K, capacity 27470K, committed 27648K, reserved 1073152K
  class space    used 3525K, capacity 3806K, committed 3840K, reserved 1048576K
}
Event: 5.097 GC heap after
{Heap after GC invocations=9 (full 0):
 garbage-first heap   total 78848K, used 31845K [0x0000000080000000, 0x0000000100000000)
  region size 1024K, 5 young (5120K), 5 survivors (5120K)
 Metaspace       used 26738K, capacity 27470K, committed 27648K, reserved 1073152K
  class space    used 3525K, capacity 3806K, committed 3840K, reserved 1048576K
}
Event: 5.851 GC heap before
{Heap before GC invocations=9 (full 0):
 garbage-first heap   total 78848K, used 57445K [0x0000000080000000, 0x0000000100000000)
  region size 1024K, 30 young (30720K), 5 survivors (5120K)
 Metaspace       used 29034K, capacity 29841K, committed 30080K, reserved 1075200K
  class space    used 3881K, capacity 4171K, committed 4224K, reserved 1048576K
}
Event: 5.882 GC heap after
{Heap after GC invocations=10 (full 0):
 garbage-first heap   total 95232K, used 32930K [0x0000000080000000, 0x0000000100000000)
  region size 1024K, 1 young (1024K), 1 survivors (1024K)
 Metaspace       used 29034K, capacity 29841K, committed 30080K, reserved 1075200K
  class space    used 3881K, capacity 4171K, committed 4224K, reserved 1048576K
}
Event: 7.477 GC heap before
{Heap before GC invocations=10 (full 0):
 garbage-first heap   total 95232K, used 58530K [0x0000000080000000, 0x0000000100000000)
  region size 1024K, 27 young (27648K), 1 survivors (1024K)
 Metaspace       used 34700K, capacity 35623K, committed 35840K, reserved 1081344K
  class space    used 4531K, capacity 4863K, committed 4864K, reserved 1048576K
}
Event: 7.505 GC heap after
{Heap after GC invocations=11 (full 0):
 garbage-first heap   total 95232K, used 34909K [0x0000000080000000, 0x0000000100000000)
  region size 1024K, 3 young (3072K), 3 survivors (3072K)
 Metaspace       used 34700K, capacity 35623K, committed 35840K, reserved 1081344K
  class space    used 4531K, capacity 4863K, committed 4864K, reserved 1048576K
}
Event: 8.166 GC heap before
{Heap before GC invocations=12 (full 0):
 garbage-first heap   total 95232K, used 64605K [0x0000000080000000, 0x0000000100000000)
  region size 1024K, 33 young (33792K), 3 survivors (3072K)
 Metaspace       used 37247K, capacity 38253K, committed 38476K, reserved 1083392K
  class space    used 4823K, capacity 5204K, committed 5248K, reserved 1048576K
}
Event: 8.175 GC heap after
{Heap after GC invocations=13 (full 0):
 garbage-first heap   total 95232K, used 38371K [0x0000000080000000, 0x0000000100000000)
  region size 1024K, 5 young (5120K), 5 survivors (5120K)
 Metaspace       used 37247K, capacity 38253K, committed 38476K, reserved 1083392K
  class space    used 4823K, capacity 5204K, committed 5248K, reserved 1048576K
}
Event: 8.637 GC heap before
{Heap before GC invocations=13 (full 0):
 garbage-first heap   total 95232K, used 72163K [0x0000000080000000, 0x0000000100000000)
  region size 1024K, 35 young (35840K), 5 survivors (5120K)
 Metaspace       used 40412K, capacity 41472K, committed 41676K, reserved 1085440K
  class space    used 5199K, capacity 5575K, committed 5632K, reserved 1048576K
}
Event: 8.647 GC heap after
{Heap after GC invocations=14 (full 0):
 garbage-first heap   total 95232K, used 39261K [0x0000000080000000, 0x0000000100000000)
  region size 1024K, 4 young (4096K), 4 survivors (4096K)
 Metaspace       used 40412K, capacity 41472K, committed 41676K, reserved 1085440K
  class space    used 5199K, capacity 5575K, committed 5632K, reserved 1048576K
}
Event: 8.983 GC heap before
{Heap before GC invocations=14 (full 0):
 garbage-first heap   total 95232K, used 62813K [0x0000000080000000, 0x0000000100000000)
  region size 1024K, 23 young (23552K), 4 survivors (4096K)
 Metaspace       used 41662K, capacity 42826K, committed 42956K, reserved 1087488K
  class space    used 5367K, capacity 5787K, committed 5888K, reserved 1048576K
}
Event: 8.996 GC heap after
{Heap after GC invocations=15 (full 0):
 garbage-first heap   total 118784K, used 46784K [0x0000000080000000, 0x0000000100000000)
  region size 1024K, 4 young (4096K), 4 survivors (4096K)
 Metaspace       used 41662K, capacity 42826K, committed 42956K, reserved 1087488K
  class space    used 5367K, capacity 5787K, committed 5888K, reserved 1048576K
}
Event: 9.534 GC heap before
{Heap before GC invocations=16 (full 0):
 garbage-first heap   total 118784K, used 85696K [0x0000000080000000, 0x0000000100000000)
  region size 1024K, 38 young (38912K), 4 survivors (4096K)
 Metaspace       used 44045K, capacity 45287K, committed 45388K, reserved 1089536K
  class space    used 5556K, capacity 5985K, committed 6016K, reserved 1048576K
}
Event: 9.547 GC heap after
{Heap after GC invocations=17 (full 0):
 garbage-first heap   total 118784K, used 53020K [0x0000000080000000, 0x0000000100000000)
  region size 1024K, 5 young (5120K), 5 survivors (5120K)
 Metaspace       used 44045K, capacity 45287K, committed 45388K, reserved 1089536K
  class space    used 5556K, capacity 5985K, committed 6016K, reserved 1048576K
}
Event: 9.897 GC heap before
{Heap before GC invocations=17 (full 0):
 garbage-first heap   total 118784K, used 86812K [0x0000000080000000, 0x0000000100000000)
  region size 1024K, 38 young (38912K), 5 survivors (5120K)
 Metaspace       used 46084K, capacity 47395K, committed 47564K, reserved 1091584K
  class space    used 5878K, capacity 6346K, committed 6400K, reserved 1048576K
}
Event: 9.909 GC heap after
{Heap after GC invocations=18 (full 0):
 garbage-first heap   total 118784K, used 55357K [0x0000000080000000, 0x0000000100000000)
  region size 1024K, 3 young (3072K), 3 survivors (3072K)
 Metaspace       used 46084K, capacity 47395K, committed 47564K, reserved 1091584K
  class space    used 5878K, capacity 6346K, committed 6400K, reserved 1048576K
}
Event: 10.328 GC heap before
{Heap before GC invocations=18 (full 0):
 garbage-first heap   total 118784K, used 89149K [0x0000000080000000, 0x0000000100000000)
  region size 1024K, 36 young (36864K), 3 survivors (3072K)
 Metaspace       used 48256K, capacity 49687K, committed 49996K, reserved 1093632K
  class space    used 6218K, capacity 6705K, committed 6784K, reserved 1048576K
}
Event: 10.336 GC heap after
{Heap after GC invocations=19 (full 0):
 garbage-first heap   total 118784K, used 56435K [0x0000000080000000, 0x0000000100000000)
  region size 1024K, 4 young (4096K), 4 survivors (4096K)
 Metaspace       used 48256K, capacity 49687K, committed 49996K, reserved 1093632K
  class space    used 6218K, capacity 6705K, committed 6784K, reserved 1048576K
}
Event: 11.014 GC heap before
{Heap before GC invocations=19 (full 0):
 garbage-first heap   total 118784K, used 79987K [0x0000000080000000, 0x0000000100000000)
  region size 1024K, 29 young (29696K), 4 survivors (4096K)
 Metaspace       used 49263K, capacity 50759K, committed 50892K, reserved 1093632K
  class space    used 6307K, capacity 6817K, committed 6912K, reserved 1048576K
}
Event: 11.024 GC heap after
{Heap after GC invocations=20 (full 0):
 garbage-first heap   total 143360K, used 57815K [0x0000000080000000, 0x0000000100000000)
  region size 1024K, 3 young (3072K), 3 survivors (3072K)
 Metaspace       used 49263K, capacity 50759K, committed 50892K, reserved 1093632K
  class space    used 6307K, capacity 6817K, committed 6912K, reserved 1048576K
}

