# JRE version: OpenJDK Runtime Environment (11.0.10) (build 11.0.10+0-b96-7249189)
# Java VM: OpenJDK 64-Bit Server VM (11.0.10+0-b96-7249189, mixed mode, tiered, compressed oops, g1 gc, windows-amd64)
Heap:
 garbage-first heap   total 138240K, used 59106K [0x0000000080000000, 0x0000000100000000)
  region size 1024K, 3 young (3072K), 3 survivors (3072K)
 Metaspace       used 49252K, capacity 50736K, committed 50892K, reserved 1093632K
  class space    used 6305K, capacity 6812K, committed 6912K, reserved 1048576K
GC Heap History (20 events):
Event: 2.865 GC heap after
{Heap after GC invocations=8 (full 0):
 garbage-first heap   total 78848K, used 18087K [0x0000000080000000, 0x0000000100000000)
  region size 1024K, 2 young (2048K), 2 survivors (2048K)
 Metaspace       used 23491K, capacity 24112K, committed 24320K, reserved 1071104K
  class space    used 2997K, capacity 3201K, committed 3328K, reserved 1048576K
}
Event: 3.468 GC heap before
{Heap before GC invocations=8 (full 0):
 garbage-first heap   total 78848K, used 59047K [0x0000000080000000, 0x0000000100000000)
  region size 1024K, 33 young (33792K), 2 survivors (2048K)
 Metaspace       used 26690K, capacity 27463K, committed 27648K, reserved 1073152K
  class space    used 3516K, capacity 3805K, committed 3840K, reserved 1048576K
}
Event: 3.475 GC heap after
{Heap after GC invocations=9 (full 0):
 garbage-first heap   total 78848K, used 32542K [0x0000000080000000, 0x0000000100000000)
  region size 1024K, 5 young (5120K), 5 survivors (5120K)
 Metaspace       used 26690K, capacity 27463K, committed 27648K, reserved 1073152K
  class space    used 3516K, capacity 3805K, committed 3840K, reserved 1048576K
}
Event: 3.821 GC heap before
{Heap before GC invocations=9 (full 0):
 garbage-first heap   total 78848K, used 57118K [0x0000000080000000, 0x0000000100000000)
  region size 1024K, 29 young (29696K), 5 survivors (5120K)
 Metaspace       used 28885K, capacity 29706K, committed 29824K, reserved 1075200K
  class space    used 3859K, capacity 4170K, committed 4224K, reserved 1048576K
}
Event: 3.828 GC heap after
{Heap after GC invocations=10 (full 0):
 garbage-first heap   total 95232K, used 33643K [0x0000000080000000, 0x0000000100000000)
  region size 1024K, 1 young (1024K), 1 survivors (1024K)
 Metaspace       used 28885K, capacity 29706K, committed 29824K, reserved 1075200K
  class space    used 3859K, capacity 4170K, committed 4224K, reserved 1048576K
}
Event: 4.388 GC heap before
{Heap before GC invocations=10 (full 0):
 garbage-first heap   total 95232K, used 60267K [0x0000000080000000, 0x0000000100000000)
  region size 1024K, 28 young (28672K), 1 survivors (1024K)
 Metaspace       used 34689K, capacity 35619K, committed 35840K, reserved 1081344K
  class space    used 4531K, capacity 4863K, committed 4864K, reserved 1048576K
}
Event: 4.398 GC heap after
{Heap after GC invocations=11 (full 0):
 garbage-first heap   total 95232K, used 35527K [0x0000000080000000, 0x0000000100000000)
  region size 1024K, 3 young (3072K), 3 survivors (3072K)
 Metaspace       used 34689K, capacity 35619K, committed 35840K, reserved 1081344K
  class space    used 4531K, capacity 4863K, committed 4864K, reserved 1048576K
}
Event: 4.760 GC heap before
{Heap before GC invocations=12 (full 0):
 garbage-first heap   total 95232K, used 66247K [0x0000000080000000, 0x0000000100000000)
  region size 1024K, 33 young (33792K), 3 survivors (3072K)
 Metaspace       used 37232K, capacity 38248K, committed 38476K, reserved 1083392K
  class space    used 4823K, capacity 5204K, committed 5248K, reserved 1048576K
}
Event: 4.769 GC heap after
{Heap after GC invocations=13 (full 0):
 garbage-first heap   total 95232K, used 39379K [0x0000000080000000, 0x0000000100000000)
  region size 1024K, 5 young (5120K), 5 survivors (5120K)
 Metaspace       used 37232K, capacity 38248K, committed 38476K, reserved 1083392K
  class space    used 4823K, capacity 5204K, committed 5248K, reserved 1048576K
}
Event: 5.175 GC heap before
{Heap before GC invocations=13 (full 0):
 garbage-first heap   total 95232K, used 72147K [0x0000000080000000, 0x0000000100000000)
  region size 1024K, 34 young (34816K), 5 survivors (5120K)
 Metaspace       used 40322K, capacity 41401K, committed 41676K, reserved 1085440K
  class space    used 5192K, capacity 5574K, committed 5632K, reserved 1048576K
}
Event: 5.183 GC heap after
{Heap after GC invocations=14 (full 0):
 garbage-first heap   total 95232K, used 40605K [0x0000000080000000, 0x0000000100000000)
  region size 1024K, 5 young (5120K), 5 survivors (5120K)
 Metaspace       used 40322K, capacity 41401K, committed 41676K, reserved 1085440K
  class space    used 5192K, capacity 5574K, committed 5632K, reserved 1048576K
}
Event: 5.542 GC heap before
{Heap before GC invocations=14 (full 0):
 garbage-first heap   total 95232K, used 64157K [0x0000000080000000, 0x0000000100000000)
  region size 1024K, 24 young (24576K), 5 survivors (5120K)
 Metaspace       used 41681K, capacity 42821K, committed 42956K, reserved 1087488K
  class space    used 5366K, capacity 5787K, committed 5888K, reserved 1048576K
}
Event: 5.555 GC heap after
{Heap after GC invocations=15 (full 0):
 garbage-first heap   total 114688K, used 47618K [0x0000000080000000, 0x0000000100000000)
  region size 1024K, 4 young (4096K), 4 survivors (4096K)
 Metaspace       used 41681K, capacity 42821K, committed 42956K, reserved 1087488K
  class space    used 5366K, capacity 5787K, committed 5888K, reserved 1048576K
}
Event: 6.048 GC heap before
{Heap before GC invocations=16 (full 0):
 garbage-first heap   total 114688K, used 86530K [0x0000000080000000, 0x0000000100000000)
  region size 1024K, 39 young (39936K), 4 survivors (4096K)
 Metaspace       used 44048K, capacity 45282K, committed 45388K, reserved 1089536K
  class space    used 5556K, capacity 5985K, committed 6016K, reserved 1048576K
}
Event: 6.057 GC heap after
{Heap after GC invocations=17 (full 0):
 garbage-first heap   total 114688K, used 54125K [0x0000000080000000, 0x0000000100000000)
  region size 1024K, 5 young (5120K), 5 survivors (5120K)
 Metaspace       used 44048K, capacity 45282K, committed 45388K, reserved 1089536K
  class space    used 5556K, capacity 5985K, committed 6016K, reserved 1048576K
}
Event: 6.485 GC heap before
{Heap before GC invocations=17 (full 0):
 garbage-first heap   total 114688K, used 87917K [0x0000000080000000, 0x0000000100000000)
  region size 1024K, 38 young (38912K), 5 survivors (5120K)
 Metaspace       used 46283K, capacity 47629K, committed 47820K, reserved 1091584K
  class space    used 5911K, capacity 6364K, committed 6400K, reserved 1048576K
}
Event: 6.494 GC heap after
{Heap after GC invocations=18 (full 0):
 garbage-first heap   total 114688K, used 56680K [0x0000000080000000, 0x0000000100000000)
  region size 1024K, 3 young (3072K), 3 survivors (3072K)
 Metaspace       used 46283K, capacity 47629K, committed 47820K, reserved 1091584K
  class space    used 5911K, capacity 6364K, committed 6400K, reserved 1048576K
}
Event: 6.993 GC heap before
{Heap before GC invocations=18 (full 0):
 garbage-first heap   total 114688K, used 89448K [0x0000000080000000, 0x0000000100000000)
  region size 1024K, 35 young (35840K), 3 survivors (3072K)
 Metaspace       used 48338K, capacity 49812K, committed 49996K, reserved 1093632K
  class space    used 6223K, capacity 6705K, committed 6784K, reserved 1048576K
}
Event: 7.002 GC heap after
{Heap after GC invocations=19 (full 0):
 garbage-first heap   total 114688K, used 57987K [0x0000000080000000, 0x0000000100000000)
  region size 1024K, 4 young (4096K), 4 survivors (4096K)
 Metaspace       used 48338K, capacity 49812K, committed 49996K, reserved 1093632K
  class space    used 6223K, capacity 6705K, committed 6784K, reserved 1048576K
}
Event: 8.207 GC heap before
{Heap before GC invocations=20 (full 0):
 garbage-first heap   total 114688K, used 78467K [0x0000000080000000, 0x0000000100000000)
  region size 1024K, 26 young (26624K), 4 survivors (4096K)
 Metaspace       used 49252K, capacity 50736K, committed 50892K, reserved 1093632K
  class space    used 6305K, capacity 6812K, committed 6912K, reserved 1048576K
}

