# JRE version: OpenJDK Runtime Environment (11.0.10) (build 11.0.10+0-b96-7249189)
# Java VM: OpenJDK 64-Bit Server VM (11.0.10+0-b96-7249189, mixed mode, tiered, compressed oops, g1 gc, windows-amd64)
Heap:
 garbage-first heap   total 174080K, used 83744K [0x0000000080000000, 0x0000000100000000)
  region size 1024K, 4 young (4096K), 4 survivors (4096K)
 Metaspace       used 77799K, capacity 80029K, committed 80100K, reserved 1126400K
  class space    used 10200K, capacity 10940K, committed 11008K, reserved 1048576K
GC Heap History (20 events):
Event: 6.311 GC heap before
{Heap before GC invocations=17 (full 0):
 garbage-first heap   total 119808K, used 84159K [0x0000000080000000, 0x0000000100000000)
  region size 1024K, 38 young (38912K), 4 survivors (4096K)
 Metaspace       used 44459K, capacity 45680K, committed 45796K, reserved 1089536K
  class space    used 5605K, capacity 6053K, committed 6144K, reserved 1048576K
}
Event: 6.324 GC heap after
{Heap after GC invocations=18 (full 0):
 garbage-first heap   total 119808K, used 52859K [0x0000000080000000, 0x0000000100000000)
  region size 1024K, 5 young (5120K), 5 survivors (5120K)
 Metaspace       used 44459K, capacity 45680K, committed 45796K, reserved 1089536K
  class space    used 5605K, capacity 6053K, committed 6144K, reserved 1048576K
}
Event: 6.732 GC heap before
{Heap before GC invocations=18 (full 0):
 garbage-first heap   total 119808K, used 86651K [0x0000000080000000, 0x0000000100000000)
  region size 1024K, 38 young (38912K), 5 survivors (5120K)
 Metaspace       used 46579K, capacity 47861K, committed 48100K, reserved 1091584K
  class space    used 5947K, capacity 6398K, committed 6400K, reserved 1048576K
}
Event: 6.744 GC heap after
{Heap after GC invocations=19 (full 0):
 garbage-first heap   total 119808K, used 55107K [0x0000000080000000, 0x0000000100000000)
  region size 1024K, 3 young (3072K), 3 survivors (3072K)
 Metaspace       used 46579K, capacity 47861K, committed 48100K, reserved 1091584K
  class space    used 5947K, capacity 6398K, committed 6400K, reserved 1048576K
}
Event: 7.198 GC heap before
{Heap before GC invocations=19 (full 0):
 garbage-first heap   total 119808K, used 88899K [0x0000000080000000, 0x0000000100000000)
  region size 1024K, 36 young (36864K), 3 survivors (3072K)
 Metaspace       used 48680K, capacity 50113K, committed 50276K, reserved 1093632K
  class space    used 6269K, capacity 6741K, committed 6784K, reserved 1048576K
}
Event: 7.204 GC heap after
{Heap after GC invocations=20 (full 0):
 garbage-first heap   total 119808K, used 56532K [0x0000000080000000, 0x0000000100000000)
  region size 1024K, 4 young (4096K), 4 survivors (4096K)
 Metaspace       used 48680K, capacity 50113K, committed 50276K, reserved 1093632K
  class space    used 6269K, capacity 6741K, committed 6784K, reserved 1048576K
}
Event: 7.840 GC heap before
{Heap before GC invocations=20 (full 0):
 garbage-first heap   total 119808K, used 79060K [0x0000000080000000, 0x0000000100000000)
  region size 1024K, 26 young (26624K), 4 survivors (4096K)
 Metaspace       used 49611K, capacity 51125K, committed 51428K, reserved 1093632K
  class space    used 6351K, capacity 6855K, committed 6912K, reserved 1048576K
}
Event: 7.850 GC heap after
{Heap after GC invocations=21 (full 0):
 garbage-first heap   total 144384K, used 59697K [0x0000000080000000, 0x0000000100000000)
  region size 1024K, 4 young (4096K), 4 survivors (4096K)
 Metaspace       used 49611K, capacity 51125K, committed 51428K, reserved 1093632K
  class space    used 6351K, capacity 6855K, committed 6912K, reserved 1048576K
}
Event: 8.772 GC heap before
{Heap before GC invocations=22 (full 0):
 garbage-first heap   total 144384K, used 106801K [0x0000000080000000, 0x0000000100000000)
  region size 1024K, 48 young (49152K), 4 survivors (4096K)
 Metaspace       used 53021K, capacity 54513K, committed 54756K, reserved 1097728K
  class space    used 6888K, capacity 7389K, committed 7424K, reserved 1048576K
}
Event: 8.786 GC heap after
{Heap after GC invocations=23 (full 0):
 garbage-first heap   total 144384K, used 68265K [0x0000000080000000, 0x0000000100000000)
  region size 1024K, 6 young (6144K), 6 survivors (6144K)
 Metaspace       used 53021K, capacity 54513K, committed 54756K, reserved 1097728K
  class space    used 6888K, capacity 7389K, committed 7424K, reserved 1048576K
}
Event: 9.641 GC heap before
{Heap before GC invocations=23 (full 0):
 garbage-first heap   total 144384K, used 108201K [0x0000000080000000, 0x0000000100000000)
  region size 1024K, 45 young (46080K), 6 survivors (6144K)
 Metaspace       used 58278K, capacity 59965K, committed 60132K, reserved 1101824K
  class space    used 7528K, capacity 8074K, committed 8192K, reserved 1048576K
}
Event: 9.652 GC heap after
{Heap after GC invocations=24 (full 0):
 garbage-first heap   total 144384K, used 70707K [0x0000000080000000, 0x0000000100000000)
  region size 1024K, 3 young (3072K), 3 survivors (3072K)
 Metaspace       used 58278K, capacity 59965K, committed 60132K, reserved 1101824K
  class space    used 7528K, capacity 8074K, committed 8192K, reserved 1048576K
}
Event: 10.475 GC heap before
{Heap before GC invocations=24 (full 0):
 garbage-first heap   total 144384K, used 110643K [0x0000000080000000, 0x0000000100000000)
  region size 1024K, 42 young (43008K), 3 survivors (3072K)
 Metaspace       used 64314K, capacity 66230K, committed 66276K, reserved 1105920K
  class space    used 8293K, capacity 8944K, committed 8960K, reserved 1048576K
}
Event: 10.493 GC heap after
{Heap after GC invocations=25 (full 0):
 garbage-first heap   total 144384K, used 72109K [0x0000000080000000, 0x0000000100000000)
  region size 1024K, 4 young (4096K), 4 survivors (4096K)
 Metaspace       used 64314K, capacity 66230K, committed 66276K, reserved 1105920K
  class space    used 8293K, capacity 8944K, committed 8960K, reserved 1048576K
}
Event: 11.205 GC heap before
{Heap before GC invocations=26 (full 0):
 garbage-first heap   total 144384K, used 112045K [0x0000000080000000, 0x0000000100000000)
  region size 1024K, 44 young (45056K), 4 survivors (4096K)
 Metaspace       used 68384K, capacity 70167K, committed 70372K, reserved 1110016K
  class space    used 8776K, capacity 9396K, committed 9472K, reserved 1048576K
}
Event: 11.217 GC heap after
{Heap after GC invocations=27 (full 0):
 garbage-first heap   total 174080K, used 76144K [0x0000000080000000, 0x0000000100000000)
  region size 1024K, 6 young (6144K), 6 survivors (6144K)
 Metaspace       used 68384K, capacity 70167K, committed 70372K, reserved 1110016K
  class space    used 8776K, capacity 9396K, committed 9472K, reserved 1048576K
}
Event: 12.003 GC heap before
{Heap before GC invocations=27 (full 0):
 garbage-first heap   total 174080K, used 129392K [0x0000000080000000, 0x0000000100000000)
  region size 1024K, 57 young (58368K), 6 survivors (6144K)
 Metaspace       used 71347K, capacity 73335K, committed 73700K, reserved 1114112K
  class space    used 9178K, capacity 9869K, committed 9984K, reserved 1048576K
}
Event: 12.017 GC heap after
{Heap after GC invocations=28 (full 0):
 garbage-first heap   total 174080K, used 80166K [0x0000000080000000, 0x0000000100000000)
  region size 1024K, 8 young (8192K), 8 survivors (8192K)
 Metaspace       used 71347K, capacity 73335K, committed 73700K, reserved 1114112K
  class space    used 9178K, capacity 9869K, committed 9984K, reserved 1048576K
}
Event: 13.000 GC heap before
{Heap before GC invocations=28 (full 0):
 garbage-first heap   total 174080K, used 135462K [0x0000000080000000, 0x0000000100000000)
  region size 1024K, 62 young (63488K), 8 survivors (8192K)
 Metaspace       used 76965K, capacity 78972K, committed 79076K, reserved 1118208K
  class space    used 10087K, capacity 10740K, committed 10752K, reserved 1048576K
}
Event: 13.013 GC heap after
{Heap after GC invocations=29 (full 0):
 garbage-first heap   total 174080K, used 83162K [0x0000000080000000, 0x0000000100000000)
  region size 1024K, 7 young (7168K), 7 survivors (7168K)
 Metaspace       used 76965K, capacity 78972K, committed 79076K, reserved 1118208K
  class space    used 10087K, capacity 10740K, committed 10752K, reserved 1048576K
}

