# JRE version: OpenJDK Runtime Environment (11.0.10) (build 11.0.10+0-b96-7249189)
# Java VM: OpenJDK 64-Bit Server VM (11.0.10+0-b96-7249189, mixed mode, tiered, compressed oops, g1 gc, windows-amd64)
Heap:
 garbage-first heap   total 306176K, used 235716K [0x0000000080000000, 0x0000000100000000)
  region size 1024K, 106 young (108544K), 2 survivors (2048K)
 Metaspace       used 142591K, capacity 146166K, committed 146760K, reserved 1177600K
  class space    used 17869K, capacity 19242K, committed 19556K, reserved 1048576K
GC Heap History (20 events):
Event: 3526.111 GC heap before
{Heap before GC invocations=86 (full 0):
 garbage-first heap   total 306176K, used 126905K [0x0000000080000000, 0x0000000100000000)
  region size 1024K, 14 young (14336K), 6 survivors (6144K)
 Metaspace       used 140654K, capacity 144201K, committed 145224K, reserved 1175552K
  class space    used 17771K, capacity 19124K, committed 19556K, reserved 1048576K
}
Event: 3526.131 GC heap after
{Heap after GC invocations=87 (full 0):
 garbage-first heap   total 306176K, used 120221K [0x0000000080000000, 0x0000000100000000)
  region size 1024K, 1 young (1024K), 1 survivors (1024K)
 Metaspace       used 140654K, capacity 144201K, committed 145224K, reserved 1175552K
  class space    used 17771K, capacity 19124K, committed 19556K, reserved 1048576K
}
Event: 3527.739 GC heap before
{Heap before GC invocations=87 (full 0):
 garbage-first heap   total 306176K, used 206237K [0x0000000080000000, 0x0000000100000000)
  region size 1024K, 86 young (88064K), 1 survivors (1024K)
 Metaspace       used 141324K, capacity 144887K, committed 145736K, reserved 1175552K
  class space    used 17833K, capacity 19174K, committed 19556K, reserved 1048576K
}
Event: 3527.875 GC heap after
{Heap after GC invocations=88 (full 0):
 garbage-first heap   total 306176K, used 138069K [0x0000000080000000, 0x0000000100000000)
  region size 1024K, 11 young (11264K), 11 survivors (11264K)
 Metaspace       used 141324K, capacity 144887K, committed 145736K, reserved 1175552K
  class space    used 17833K, capacity 19174K, committed 19556K, reserved 1048576K
}
Event: 3528.680 GC heap before
{Heap before GC invocations=89 (full 0):
 garbage-first heap   total 306176K, used 217941K [0x0000000080000000, 0x0000000100000000)
  region size 1024K, 89 young (91136K), 11 survivors (11264K)
 Metaspace       used 141691K, capacity 145292K, committed 145992K, reserved 1175552K
  class space    used 17848K, capacity 19218K, committed 19556K, reserved 1048576K
}
Event: 3528.741 GC heap after
{Heap after GC invocations=90 (full 0):
 garbage-first heap   total 306176K, used 141222K [0x0000000080000000, 0x0000000100000000)
  region size 1024K, 6 young (6144K), 6 survivors (6144K)
 Metaspace       used 141691K, capacity 145292K, committed 145992K, reserved 1175552K
  class space    used 17848K, capacity 19218K, committed 19556K, reserved 1048576K
}
Event: 3528.851 GC heap before
{Heap before GC invocations=90 (full 0):
 garbage-first heap   total 306176K, used 149414K [0x0000000080000000, 0x0000000100000000)
  region size 1024K, 14 young (14336K), 6 survivors (6144K)
 Metaspace       used 141703K, capacity 145296K, committed 145992K, reserved 1175552K
  class space    used 17849K, capacity 19219K, committed 19556K, reserved 1048576K
}
Event: 3528.897 GC heap after
{Heap after GC invocations=91 (full 0):
 garbage-first heap   total 306176K, used 132096K [0x0000000080000000, 0x0000000100000000)
  region size 1024K, 1 young (1024K), 1 survivors (1024K)
 Metaspace       used 141703K, capacity 145296K, committed 145992K, reserved 1175552K
  class space    used 17849K, capacity 19219K, committed 19556K, reserved 1048576K
}
Event: 3530.020 GC heap before
{Heap before GC invocations=91 (full 0):
 garbage-first heap   total 306176K, used 219136K [0x0000000080000000, 0x0000000100000000)
  region size 1024K, 86 young (88064K), 1 survivors (1024K)
 Metaspace       used 142074K, capacity 145681K, committed 146504K, reserved 1175552K
  class space    used 17866K, capacity 19239K, committed 19556K, reserved 1048576K
}
Event: 3530.033 GC heap after
{Heap after GC invocations=92 (full 0):
 garbage-first heap   total 306176K, used 131939K [0x0000000080000000, 0x0000000100000000)
  region size 1024K, 1 young (1024K), 1 survivors (1024K)
 Metaspace       used 142074K, capacity 145681K, committed 146504K, reserved 1175552K
  class space    used 17866K, capacity 19239K, committed 19556K, reserved 1048576K
}
Event: 3530.889 GC heap before
{Heap before GC invocations=93 (full 0):
 garbage-first heap   total 306176K, used 225123K [0x0000000080000000, 0x0000000100000000)
  region size 1024K, 92 young (94208K), 1 survivors (1024K)
 Metaspace       used 142436K, capacity 146024K, committed 146760K, reserved 1177600K
  class space    used 17867K, capacity 19241K, committed 19556K, reserved 1048576K
}
Event: 3530.897 GC heap after
{Heap after GC invocations=94 (full 0):
 garbage-first heap   total 306176K, used 132329K [0x0000000080000000, 0x0000000100000000)
  region size 1024K, 2 young (2048K), 2 survivors (2048K)
 Metaspace       used 142436K, capacity 146024K, committed 146760K, reserved 1177600K
  class space    used 17867K, capacity 19241K, committed 19556K, reserved 1048576K
}
Event: 3530.962 GC heap before
{Heap before GC invocations=94 (full 0):
 garbage-first heap   total 306176K, used 144617K [0x0000000080000000, 0x0000000100000000)
  region size 1024K, 14 young (14336K), 2 survivors (2048K)
 Metaspace       used 142453K, capacity 146027K, committed 146760K, reserved 1177600K
  class space    used 17867K, capacity 19241K, committed 19556K, reserved 1048576K
}
Event: 3530.974 GC heap after
{Heap after GC invocations=95 (full 0):
 garbage-first heap   total 306176K, used 130012K [0x0000000080000000, 0x0000000100000000)
  region size 1024K, 1 young (1024K), 1 survivors (1024K)
 Metaspace       used 142453K, capacity 146027K, committed 146760K, reserved 1177600K
  class space    used 17867K, capacity 19241K, committed 19556K, reserved 1048576K
}
Event: 3531.532 GC heap before
{Heap before GC invocations=95 (full 0):
 garbage-first heap   total 306176K, used 228316K [0x0000000080000000, 0x0000000100000000)
  region size 1024K, 97 young (99328K), 1 survivors (1024K)
 Metaspace       used 142524K, capacity 146099K, committed 146760K, reserved 1177600K
  class space    used 17869K, capacity 19242K, committed 19556K, reserved 1048576K
}
Event: 3531.551 GC heap after
{Heap after GC invocations=96 (full 0):
 garbage-first heap   total 306176K, used 130959K [0x0000000080000000, 0x0000000100000000)
  region size 1024K, 2 young (2048K), 2 survivors (2048K)
 Metaspace       used 142524K, capacity 146099K, committed 146760K, reserved 1177600K
  class space    used 17869K, capacity 19242K, committed 19556K, reserved 1048576K
}
Event: 3532.146 GC heap before
{Heap before GC invocations=97 (full 0):
 garbage-first heap   total 306176K, used 233359K [0x0000000080000000, 0x0000000100000000)
  region size 1024K, 102 young (104448K), 2 survivors (2048K)
 Metaspace       used 142566K, capacity 146164K, committed 146760K, reserved 1177600K
  class space    used 17869K, capacity 19242K, committed 19556K, reserved 1048576K
}
Event: 3532.167 GC heap after
{Heap after GC invocations=98 (full 0):
 garbage-first heap   total 306176K, used 131258K [0x0000000080000000, 0x0000000100000000)
  region size 1024K, 3 young (3072K), 3 survivors (3072K)
 Metaspace       used 142566K, capacity 146164K, committed 146760K, reserved 1177600K
  class space    used 17869K, capacity 19242K, committed 19556K, reserved 1048576K
}
Event: 3532.229 GC heap before
{Heap before GC invocations=98 (full 0):
 garbage-first heap   total 306176K, used 142522K [0x0000000080000000, 0x0000000100000000)
  region size 1024K, 14 young (14336K), 3 survivors (3072K)
 Metaspace       used 142572K, capacity 146166K, committed 146760K, reserved 1177600K
  class space    used 17869K, capacity 19242K, committed 19556K, reserved 1048576K
}
Event: 3532.240 GC heap after
{Heap after GC invocations=99 (full 0):
 garbage-first heap   total 306176K, used 130244K [0x0000000080000000, 0x0000000100000000)
  region size 1024K, 2 young (2048K), 2 survivors (2048K)
 Metaspace       used 142572K, capacity 146166K, committed 146760K, reserved 1177600K
  class space    used 17869K, capacity 19242K, committed 19556K, reserved 1048576K
}

