# JRE version: OpenJDK Runtime Environment (11.0.10) (build 11.0.10+0-b96-7249189)
# Java VM: OpenJDK 64-Bit Server VM (11.0.10+0-b96-7249189, mixed mode, tiered, compressed oops, g1 gc, windows-amd64)
Heap:
 garbage-first heap   total 354304K, used 115898K [0x0000000080000000, 0x0000000100000000)
  region size 1024K, 8 young (8192K), 8 survivors (8192K)
 Metaspace       used 124978K, capacity 128391K, committed 128716K, reserved 1161216K
  class space    used 15486K, capacity 16754K, committed 16844K, reserved 1048576K
GC Heap History (20 events):
Event: 1332.511 GC heap after
{Heap after GC invocations=65 (full 0):
 garbage-first heap   total 245760K, used 117034K [0x0000000080000000, 0x0000000100000000)
  region size 1024K, 2 young (2048K), 2 survivors (2048K)
 Metaspace       used 122627K, capacity 125962K, committed 126284K, reserved 1159168K
  class space    used 15362K, capacity 16593K, committed 16716K, reserved 1048576K
}
Event: 1333.242 GC heap before
{Heap before GC invocations=65 (full 0):
 garbage-first heap   total 245760K, used 187690K [0x0000000080000000, 0x0000000100000000)
  region size 1024K, 71 young (72704K), 2 survivors (2048K)
 Metaspace       used 123723K, capacity 127062K, committed 127308K, reserved 1159168K
  class space    used 15451K, capacity 16680K, committed 16716K, reserved 1048576K
}
Event: 1333.255 GC heap after
{Heap after GC invocations=66 (full 0):
 garbage-first heap   total 245760K, used 120606K [0x0000000080000000, 0x0000000100000000)
  region size 1024K, 5 young (5120K), 5 survivors (5120K)
 Metaspace       used 123723K, capacity 127062K, committed 127308K, reserved 1159168K
  class space    used 15451K, capacity 16680K, committed 16716K, reserved 1048576K
}
Event: 1333.887 GC heap before
{Heap before GC invocations=67 (full 0):
 garbage-first heap   total 245760K, used 185118K [0x0000000080000000, 0x0000000100000000)
  region size 1024K, 75 young (76800K), 5 survivors (5120K)
 Metaspace       used 124105K, capacity 127455K, committed 127564K, reserved 1161216K
  class space    used 15460K, capacity 16695K, committed 16716K, reserved 1048576K
}
Event: 1333.908 GC heap after
{Heap after GC invocations=68 (full 0):
 garbage-first heap   total 245760K, used 120536K [0x0000000080000000, 0x0000000100000000)
  region size 1024K, 10 young (10240K), 10 survivors (10240K)
 Metaspace       used 124105K, capacity 127455K, committed 127564K, reserved 1161216K
  class space    used 15460K, capacity 16695K, committed 16716K, reserved 1048576K
}
Event: 1333.919 GC heap before
{Heap before GC invocations=68 (full 0):
 garbage-first heap   total 245760K, used 122584K [0x0000000080000000, 0x0000000100000000)
  region size 1024K, 12 young (12288K), 10 survivors (10240K)
 Metaspace       used 124114K, capacity 127455K, committed 127564K, reserved 1161216K
  class space    used 15460K, capacity 16695K, committed 16716K, reserved 1048576K
}
Event: 1333.950 GC heap after
{Heap after GC invocations=69 (full 0):
 garbage-first heap   total 245760K, used 106836K [0x0000000080000000, 0x0000000100000000)
  region size 1024K, 2 young (2048K), 2 survivors (2048K)
 Metaspace       used 124114K, capacity 127455K, committed 127564K, reserved 1161216K
  class space    used 15460K, capacity 16695K, committed 16716K, reserved 1048576K
}
Event: 1334.363 GC heap before
{Heap before GC invocations=69 (full 0):
 garbage-first heap   total 245760K, used 185684K [0x0000000080000000, 0x0000000100000000)
  region size 1024K, 79 young (80896K), 2 survivors (2048K)
 Metaspace       used 124408K, capacity 127726K, committed 127820K, reserved 1161216K
  class space    used 15460K, capacity 16695K, committed 16716K, reserved 1048576K
}
Event: 1334.377 GC heap after
{Heap after GC invocations=70 (full 0):
 garbage-first heap   total 245760K, used 108698K [0x0000000080000000, 0x0000000100000000)
  region size 1024K, 4 young (4096K), 4 survivors (4096K)
 Metaspace       used 124408K, capacity 127726K, committed 127820K, reserved 1161216K
  class space    used 15460K, capacity 16695K, committed 16716K, reserved 1048576K
}
Event: 1334.975 GC heap before
{Heap before GC invocations=71 (full 0):
 garbage-first heap   total 245760K, used 190618K [0x0000000080000000, 0x0000000100000000)
  region size 1024K, 84 young (86016K), 4 survivors (4096K)
 Metaspace       used 124732K, capacity 128143K, committed 128460K, reserved 1161216K
  class space    used 15476K, capacity 16744K, committed 16844K, reserved 1048576K
}
Event: 1335.009 GC heap after
{Heap after GC invocations=72 (full 0):
 garbage-first heap   total 245760K, used 108895K [0x0000000080000000, 0x0000000100000000)
  region size 1024K, 4 young (4096K), 4 survivors (4096K)
 Metaspace       used 124732K, capacity 128143K, committed 128460K, reserved 1161216K
  class space    used 15476K, capacity 16744K, committed 16844K, reserved 1048576K
}
Event: 1335.047 GC heap before
{Heap before GC invocations=72 (full 0):
 garbage-first heap   total 245760K, used 117087K [0x0000000080000000, 0x0000000100000000)
  region size 1024K, 12 young (12288K), 4 survivors (4096K)
 Metaspace       used 124740K, capacity 128146K, committed 128460K, reserved 1161216K
  class space    used 15476K, capacity 16744K, committed 16844K, reserved 1048576K
}
Event: 1335.079 GC heap after
{Heap after GC invocations=73 (full 0):
 garbage-first heap   total 245760K, used 102966K [0x0000000080000000, 0x0000000100000000)
  region size 1024K, 1 young (1024K), 1 survivors (1024K)
 Metaspace       used 124740K, capacity 128146K, committed 128460K, reserved 1161216K
  class space    used 15476K, capacity 16744K, committed 16844K, reserved 1048576K
}
Event: 1335.408 GC heap before
{Heap before GC invocations=73 (full 0):
 garbage-first heap   total 245760K, used 192054K [0x0000000080000000, 0x0000000100000000)
  region size 1024K, 89 young (91136K), 1 survivors (1024K)
 Metaspace       used 124800K, capacity 128216K, committed 128460K, reserved 1161216K
  class space    used 15477K, capacity 16745K, committed 16844K, reserved 1048576K
}
Event: 1335.429 GC heap after
{Heap after GC invocations=74 (full 0):
 garbage-first heap   total 245760K, used 108398K [0x0000000080000000, 0x0000000100000000)
  region size 1024K, 7 young (7168K), 7 survivors (7168K)
 Metaspace       used 124800K, capacity 128216K, committed 128460K, reserved 1161216K
  class space    used 15477K, capacity 16745K, committed 16844K, reserved 1048576K
}
Event: 1335.947 GC heap before
{Heap before GC invocations=75 (full 0):
 garbage-first heap   total 245760K, used 195438K [0x0000000080000000, 0x0000000100000000)
  region size 1024K, 92 young (94208K), 7 survivors (7168K)
 Metaspace       used 124939K, capacity 128320K, committed 128460K, reserved 1161216K
  class space    used 15486K, capacity 16753K, committed 16844K, reserved 1048576K
}
Event: 1335.959 GC heap after
{Heap after GC invocations=76 (full 0):
 garbage-first heap   total 245760K, used 108847K [0x0000000080000000, 0x0000000100000000)
  region size 1024K, 7 young (7168K), 7 survivors (7168K)
 Metaspace       used 124939K, capacity 128320K, committed 128460K, reserved 1161216K
  class space    used 15486K, capacity 16753K, committed 16844K, reserved 1048576K
}
Event: 1335.974 GC heap before
{Heap before GC invocations=76 (full 0):
 garbage-first heap   total 245760K, used 112943K [0x0000000080000000, 0x0000000100000000)
  region size 1024K, 12 young (12288K), 7 survivors (7168K)
 Metaspace       used 124939K, capacity 128320K, committed 128460K, reserved 1161216K
  class space    used 15486K, capacity 16753K, committed 16844K, reserved 1048576K
}
Event: 1335.993 GC heap after
{Heap after GC invocations=77 (full 0):
 garbage-first heap   total 245760K, used 109580K [0x0000000080000000, 0x0000000100000000)
  region size 1024K, 2 young (2048K), 2 survivors (2048K)
 Metaspace       used 124939K, capacity 128320K, committed 128460K, reserved 1161216K
  class space    used 15486K, capacity 16753K, committed 16844K, reserved 1048576K
}
Event: 1336.330 GC heap before
{Heap before GC invocations=77 (full 0):
 garbage-first heap   total 245760K, used 197644K [0x0000000080000000, 0x0000000100000000)
  region size 1024K, 89 young (91136K), 2 survivors (2048K)
 Metaspace       used 124978K, capacity 128391K, committed 128716K, reserved 1161216K
  class space    used 15486K, capacity 16754K, committed 16844K, reserved 1048576K
}

