# JRE version: OpenJDK Runtime Environment (11.0.10) (build 11.0.10+0-b96-7249189)
# Java VM: OpenJDK 64-Bit Server VM (11.0.10+0-b96-7249189, mixed mode, tiered, compressed oops, g1 gc, windows-amd64)
Heap:
 garbage-first heap   total 99328K, used 72362K [0x0000000080000000, 0x0000000100000000)
  region size 1024K, 37 young (37888K), 5 survivors (5120K)
 Metaspace       used 41020K, capacity 42145K, committed 42368K, reserved 1085440K
  class space    used 5283K, capacity 5696K, committed 5760K, reserved 1048576K
GC Heap History (20 events):
Event: 1.095 GC heap before
{Heap before GC invocations=2 (full 0):
 garbage-first heap   total 65536K, used 30321K [0x0000000080000000, 0x0000000100000000)
  region size 1024K, 22 young (22528K), 1 survivors (1024K)
 Metaspace       used 10719K, capacity 11003K, committed 11264K, reserved 1058816K
  class space    used 1123K, capacity 1206K, committed 1280K, reserved 1048576K
}
Event: 1.099 GC heap after
{Heap after GC invocations=3 (full 0):
 garbage-first heap   total 65536K, used 9531K [0x0000000080000000, 0x0000000100000000)
  region size 1024K, 2 young (2048K), 2 survivors (2048K)
 Metaspace       used 10719K, capacity 11003K, committed 11264K, reserved 1058816K
  class space    used 1123K, capacity 1206K, committed 1280K, reserved 1048576K
}
Event: 1.320 GC heap before
{Heap before GC invocations=3 (full 0):
 garbage-first heap   total 65536K, used 34107K [0x0000000080000000, 0x0000000100000000)
  region size 1024K, 26 young (26624K), 2 survivors (2048K)
 Metaspace       used 10882K, capacity 11187K, committed 11264K, reserved 1058816K
  class space    used 1143K, capacity 1246K, committed 1280K, reserved 1048576K
}
Event: 1.329 GC heap after
{Heap after GC invocations=4 (full 0):
 garbage-first heap   total 65536K, used 14099K [0x0000000080000000, 0x0000000100000000)
  region size 1024K, 4 young (4096K), 4 survivors (4096K)
 Metaspace       used 10882K, capacity 11187K, committed 11264K, reserved 1058816K
  class space    used 1143K, capacity 1246K, committed 1280K, reserved 1048576K
}
Event: 2.171 GC heap before
{Heap before GC invocations=4 (full 0):
 garbage-first heap   total 65536K, used 38675K [0x0000000080000000, 0x0000000100000000)
  region size 1024K, 28 young (28672K), 4 survivors (4096K)
 Metaspace       used 17191K, capacity 17614K, committed 17792K, reserved 1064960K
  class space    used 1981K, capacity 2129K, committed 2176K, reserved 1048576K
}
Event: 2.193 GC heap after
{Heap after GC invocations=5 (full 0):
 garbage-first heap   total 78848K, used 16209K [0x0000000080000000, 0x0000000100000000)
  region size 1024K, 3 young (3072K), 3 survivors (3072K)
 Metaspace       used 17191K, capacity 17614K, committed 17792K, reserved 1064960K
  class space    used 1981K, capacity 2129K, committed 2176K, reserved 1048576K
}
Event: 2.671 GC heap before
{Heap before GC invocations=5 (full 0):
 garbage-first heap   total 78848K, used 44881K [0x0000000080000000, 0x0000000100000000)
  region size 1024K, 31 young (31744K), 3 survivors (3072K)
 Metaspace       used 20456K, capacity 20910K, committed 21120K, reserved 1067008K
  class space    used 2499K, capacity 2658K, committed 2688K, reserved 1048576K
}
Event: 2.681 GC heap after
{Heap after GC invocations=6 (full 0):
 garbage-first heap   total 78848K, used 17141K [0x0000000080000000, 0x0000000100000000)
  region size 1024K, 2 young (2048K), 2 survivors (2048K)
 Metaspace       used 20456K, capacity 20910K, committed 21120K, reserved 1067008K
  class space    used 2499K, capacity 2658K, committed 2688K, reserved 1048576K
}
Event: 2.692 GC heap before
{Heap before GC invocations=6 (full 0):
 garbage-first heap   total 78848K, used 17141K [0x0000000080000000, 0x0000000100000000)
  region size 1024K, 3 young (3072K), 2 survivors (2048K)
 Metaspace       used 20550K, capacity 21117K, committed 21248K, reserved 1067008K
  class space    used 2511K, capacity 2731K, committed 2816K, reserved 1048576K
}
Event: 2.696 GC heap after
{Heap after GC invocations=7 (full 0):
 garbage-first heap   total 78848K, used 17039K [0x0000000080000000, 0x0000000100000000)
  region size 1024K, 1 young (1024K), 1 survivors (1024K)
 Metaspace       used 20550K, capacity 21117K, committed 21248K, reserved 1067008K
  class space    used 2511K, capacity 2731K, committed 2816K, reserved 1048576K
}
Event: 4.037 GC heap before
{Heap before GC invocations=8 (full 0):
 garbage-first heap   total 78848K, used 54927K [0x0000000080000000, 0x0000000100000000)
  region size 1024K, 38 young (38912K), 1 survivors (1024K)
 Metaspace       used 24439K, capacity 25043K, committed 25216K, reserved 1071104K
  class space    used 3147K, capacity 3362K, committed 3456K, reserved 1048576K
}
Event: 4.041 GC heap after
{Heap after GC invocations=9 (full 0):
 garbage-first heap   total 78848K, used 18466K [0x0000000080000000, 0x0000000100000000)
  region size 1024K, 3 young (3072K), 3 survivors (3072K)
 Metaspace       used 24439K, capacity 25043K, committed 25216K, reserved 1071104K
  class space    used 3147K, capacity 3362K, committed 3456K, reserved 1048576K
}
Event: 4.932 GC heap before
{Heap before GC invocations=9 (full 0):
 garbage-first heap   total 78848K, used 65570K [0x0000000080000000, 0x0000000100000000)
  region size 1024K, 40 young (40960K), 3 survivors (3072K)
 Metaspace       used 27726K, capacity 28554K, committed 28672K, reserved 1073152K
  class space    used 3684K, capacity 4000K, committed 4096K, reserved 1048576K
}
Event: 4.943 GC heap after
{Heap after GC invocations=10 (full 0):
 garbage-first heap   total 78848K, used 32505K [0x0000000080000000, 0x0000000100000000)
  region size 1024K, 5 young (5120K), 5 survivors (5120K)
 Metaspace       used 27726K, capacity 28554K, committed 28672K, reserved 1073152K
  class space    used 3684K, capacity 4000K, committed 4096K, reserved 1048576K
}
Event: 5.550 GC heap before
{Heap before GC invocations=10 (full 0):
 garbage-first heap   total 78848K, used 61177K [0x0000000080000000, 0x0000000100000000)
  region size 1024K, 33 young (33792K), 5 survivors (5120K)
 Metaspace       used 31421K, capacity 32289K, committed 32512K, reserved 1077248K
  class space    used 4241K, capacity 4562K, committed 4608K, reserved 1048576K
}
Event: 5.564 GC heap after
{Heap after GC invocations=11 (full 0):
 garbage-first heap   total 99328K, used 34170K [0x0000000080000000, 0x0000000100000000)
  region size 1024K, 2 young (2048K), 2 survivors (2048K)
 Metaspace       used 31421K, capacity 32289K, committed 32512K, reserved 1077248K
  class space    used 4241K, capacity 4562K, committed 4608K, reserved 1048576K
}
Event: 6.000 GC heap before
{Heap before GC invocations=11 (full 0):
 garbage-first heap   total 99328K, used 42362K [0x0000000080000000, 0x0000000100000000)
  region size 1024K, 11 young (11264K), 2 survivors (2048K)
 Metaspace       used 34778K, capacity 35715K, committed 35840K, reserved 1081344K
  class space    used 4542K, capacity 4895K, committed 4992K, reserved 1048576K
}
Event: 6.010 GC heap after
{Heap after GC invocations=12 (full 0):
 garbage-first heap   total 99328K, used 35475K [0x0000000080000000, 0x0000000100000000)
  region size 1024K, 3 young (3072K), 3 survivors (3072K)
 Metaspace       used 34778K, capacity 35715K, committed 35840K, reserved 1081344K
  class space    used 4542K, capacity 4895K, committed 4992K, reserved 1048576K
}
Event: 6.786 GC heap before
{Heap before GC invocations=13 (full 0):
 garbage-first heap   total 99328K, used 70291K [0x0000000080000000, 0x0000000100000000)
  region size 1024K, 38 young (38912K), 3 survivors (3072K)
 Metaspace       used 37563K, capacity 38648K, committed 38912K, reserved 1083392K
  class space    used 4870K, capacity 5252K, committed 5376K, reserved 1048576K
}
Event: 6.797 GC heap after
{Heap after GC invocations=14 (full 0):
 garbage-first heap   total 99328K, used 38570K [0x0000000080000000, 0x0000000100000000)
  region size 1024K, 5 young (5120K), 5 survivors (5120K)
 Metaspace       used 37563K, capacity 38648K, committed 38912K, reserved 1083392K
  class space    used 4870K, capacity 5252K, committed 5376K, reserved 1048576K
}

